<?xml version="1.0" encoding="UTF-8"?>
<!-- Generated by org.testng.reporters.JUnitReportReporter -->
<testsuite skipped="0" hostname="Lenovo-PC" name="Screen.Taken" tests="1" failures="0" timestamp="12 May 2019 06:55:58 GMT" time="18.963" errors="0">
  <testcase name="login" time="18.963" classname="Screen.Taken"/>
</testsuite> <!-- Screen.Taken -->
